<?xml version="1.0" encoding="UTF-8" ?>
<testsuite tests="13" failures="0" name="MyTest" time="0.024" errors="0" skipped="4">
  <properties>
[...]
</properties>
  <testcase classname="Scenario: Open user profile page and verify details" name="Given I am logged in to my application" time="0.004">
    <skipped/>
  </testcase>
  <testcase classname="Scenario: Open user profile page and verify details" name="When I open the user profile page" time="0.004">
    <skipped/>
  </testcase>
  <testcase classname="Scenario: Open user profile page and verify details" name="Then I can see my details" time="0.005">
    <skipped/>
  </testcase>
  <testcase classname="Scenario: Open user profile page and verify details" name="Scenario: Open user profile page and verify details" time="0.005">
    <skipped/>
  </testcase>
  <testcase classname="Scenario: Open user profile page and verify details" name="Scenario: Open user profile page and verify details" time="0.006"/>
  <testcase classname="Scenario: Open Feature Dialog in Octane" name="Given I am in Octane" time="0"/>
  <testcase classname="Scenario: Open Feature Dialog in Octane" name="When Clicking the New Feature" time="0"/>
  <testcase classname="Scenario: Open Feature Dialog in Octane" name="Then Feature dialog is open" time="0"/>
  <testcase classname="Scenario: Open Feature Dialog in Octane" name="Scenario: Open Feature Dialog in Octane" time="0"/>
  <testcase classname="Scenario: Filter by price" name="Given I&apos;m in tablets search results" time="0"/>
  <testcase classname="Scenario: Filter by price" name="When filter by price lower than 1000" time="0"/>
  <testcase classname="Scenario: Filter by price" name="Then Only tablets with lower price will be presented Only tablets with lower price will be presented Only tablets with lower price will be presented" time="0"/>
  <testcase classname="Scenario: Filter by price" name="Scenario: Filter by price" time="0"/>
</testsuite>